<?xml version="1.0" encoding="UTF-8"?>
<!-- Generated by org.testng.reporters.JUnitXMLReporter -->
<testsuite hostname="DESKTOP-PLQ0LQG" ignored="10" name="Test" tests="9" failures="1" timestamp="07 May 2022 02:12:41 GMT" time="72.94" errors="0">
  <testcase name="RegisterTest" time="12.629" classname="roughtestcases.TC002_MS_RegistrationPageTest"/>
  <testcase name="ChangePasswordTest" time="6.406" classname="roughtestcases.TC003_MS_MyPersonalInfoPageTest"/>
  <testcase name="ReLoginWithChangedPasswordTest" time="2.311" classname="roughtestcases.TC003_MS_MyPersonalInfoPageTest"/>
  <testcase name="AddProductsToCartTest" time="14.828" classname="roughtestcases.TC004_MS_OrderPageTest"/>
  <testcase name="ContactUsPageTest" time="4.49" classname="roughtestcases.TC005_MS_ContactUsPageTest"/>
  <testcase name="CreateAnAccountTest" time="5.419" classname="roughtestcases.TC006_MS_CreateAnAccountFailedTest">
    <failure type="java.lang.AssertionError" message="The following asserts failed:
	expected [An account using this email address has already been registered. Please enter a valid password or request a new one] but found [An account using this email address has already been registered. Please enter a valid password or request a new one.]">
      <![CDATA[java.lang.AssertionError: The following asserts failed:
expected [An account using this email address has already been registered. Please enter a valid password or request a new one] but found [An account using this email address has already been registered. Please enter a valid password or request a new one.]
at roughtestcases.TC006_MS_CreateAnAccountFailedTest.CreateAnAccountTest(TC006_MS_CreateAnAccountFailedTest.java:45)
... Removed 26 stack frames]]>
    </failure>
  </testcase> <!-- CreateAnAccountTest -->
  <testcase name="LandingPageTitleTest" time="2.539" classname="roughtestcases.TC001_MS_LandingPageTest"/>
  <testcase name="CartTextTest" time="0.259" classname="roughtestcases.TC001_MS_LandingPageTest"/>
  <testcase name="FollowUsLinksTest" time="21.133" classname="roughtestcases.TC001_MS_LandingPageTest"/>
  <testcase name="@AfterSuite tearDown" time="0.0" classname="base.BaseClass">
    <ignored/>
  </testcase> <!-- @AfterSuite tearDown -->
  <testcase name="@AfterSuite tearDown" time="0.0" classname="base.BaseClass">
    <ignored/>
  </testcase> <!-- @AfterSuite tearDown -->
  <testcase name="@AfterSuite tearDown" time="0.0" classname="base.BaseClass">
    <ignored/>
  </testcase> <!-- @AfterSuite tearDown -->
  <testcase name="@AfterSuite tearDown" time="0.0" classname="base.BaseClass">
    <ignored/>
  </testcase> <!-- @AfterSuite tearDown -->
  <testcase name="@AfterSuite tearDown" time="0.0" classname="base.BaseClass">
    <ignored/>
  </testcase> <!-- @AfterSuite tearDown -->
  <testcase name="@BeforeSuite init" time="0.0" classname="base.BaseClass">
    <ignored/>
  </testcase> <!-- @BeforeSuite init -->
  <testcase name="@BeforeSuite init" time="0.0" classname="base.BaseClass">
    <ignored/>
  </testcase> <!-- @BeforeSuite init -->
  <testcase name="@BeforeSuite init" time="0.0" classname="base.BaseClass">
    <ignored/>
  </testcase> <!-- @BeforeSuite init -->
  <testcase name="@BeforeSuite init" time="0.0" classname="base.BaseClass">
    <ignored/>
  </testcase> <!-- @BeforeSuite init -->
  <testcase name="@BeforeSuite init" time="0.0" classname="base.BaseClass">
    <ignored/>
  </testcase> <!-- @BeforeSuite init -->
</testsuite> <!-- Test -->
