<?xml version="1.0" encoding="UTF-8"?>
<!-- Generated by org.testng.reporters.JUnitXMLReporter -->
<testsuite hostname="DESKTOP-PLQ0LQG" ignored="0" name="Test" tests="1" failures="1" timestamp="04 May 2022 04:50:20 GMT" time="7.737" errors="0">
  <testcase name="CreateAnAccountTest" time="6.095" classname="testcases.TC006_MS_CreateAnAccountFailedTest">
    <failure type="java.lang.AssertionError" message="The following asserts failed:
	expected [An account using this email address has already been registered. Please enter a valid password or request a new one] but found [An account using this email address has already been registered. Please enter a valid password or request a new one.]">
      <![CDATA[java.lang.AssertionError: The following asserts failed:
expected [An account using this email address has already been registered. Please enter a valid password or request a new one] but found [An account using this email address has already been registered. Please enter a valid password or request a new one.]
at testcases.TC006_MS_CreateAnAccountFailedTest.CreateAnAccountTest(TC006_MS_CreateAnAccountFailedTest.java:38)
... Removed 26 stack frames]]>
    </failure>
  </testcase> <!-- CreateAnAccountTest -->
</testsuite> <!-- Test -->
