<?xml version="1.0" encoding="UTF-8"?>
<testng-results skipped="0" failed="0" ignored="8" total="16" passed="8">
  <reporter-output>
  </reporter-output>
  <suite name="Suite" duration-ms="80318" started-at="2022-05-04T16:46:11Z" finished-at="2022-05-04T16:47:31Z">
    <groups>
    </groups>
    <test name="Test" duration-ms="80318" started-at="2022-05-04T16:46:11Z" finished-at="2022-05-04T16:47:31Z">
      <class name="testcases.TC005_MS_ContactUsPageTest">
        <test-method status="PASS" signature="ContactUsPageTest()[pri:0, instance:testcases.TC005_MS_ContactUsPageTest@32cf48b7]" name="ContactUsPageTest" duration-ms="6966" started-at="2022-05-04T16:46:54Z" finished-at="2022-05-04T16:47:01Z">
          <reporter-output>
          </reporter-output>
        </test-method> <!-- ContactUsPageTest -->
      </class> <!-- testcases.TC005_MS_ContactUsPageTest -->
      <class name="testcases.TC004_MS_OrderPageTest">
        <test-method status="PASS" signature="AddProductsToCartTest()[pri:0, instance:testcases.TC004_MS_OrderPageTest@6cc7b4de]" name="AddProductsToCartTest" duration-ms="18611" started-at="2022-05-04T16:46:35Z" finished-at="2022-05-04T16:46:54Z">
          <reporter-output>
          </reporter-output>
        </test-method> <!-- AddProductsToCartTest -->
      </class> <!-- testcases.TC004_MS_OrderPageTest -->
      <class name="testcases.TC002_MS_RegistrationPageTest">
        <test-method status="PASS" signature="init()[pri:0, instance:testcases.TC002_MS_RegistrationPageTest@76a4d6c]" name="init" is-config="true" duration-ms="14047" started-at="2022-05-04T16:45:57Z" finished-at="2022-05-04T16:46:11Z">
          <reporter-output>
          </reporter-output>
        </test-method> <!-- init -->
        <test-method status="PASS" signature="RegisterTest()[pri:0, instance:testcases.TC002_MS_RegistrationPageTest@76a4d6c]" name="RegisterTest" duration-ms="13579" started-at="2022-05-04T16:46:11Z" finished-at="2022-05-04T16:46:25Z">
          <reporter-output>
          </reporter-output>
        </test-method> <!-- RegisterTest -->
        <test-method status="PASS" signature="tearDown()[pri:0, instance:testcases.TC002_MS_RegistrationPageTest@76a4d6c]" name="tearDown" is-config="true" duration-ms="3686" started-at="2022-05-04T16:47:32Z" finished-at="2022-05-04T16:47:35Z">
          <reporter-output>
          </reporter-output>
        </test-method> <!-- tearDown -->
      </class> <!-- testcases.TC002_MS_RegistrationPageTest -->
      <class name="testcases.TC001_MS_LandingPageTest">
        <test-method status="PASS" signature="LandingPageTitleTest()[pri:1, instance:testcases.TC001_MS_LandingPageTest@679b62af]" name="LandingPageTitleTest" duration-ms="2393" started-at="2022-05-04T16:47:01Z" finished-at="2022-05-04T16:47:03Z">
          <reporter-output>
          </reporter-output>
        </test-method> <!-- LandingPageTitleTest -->
        <test-method status="PASS" signature="CartTextTest()[pri:2, instance:testcases.TC001_MS_LandingPageTest@679b62af]" name="CartTextTest" duration-ms="238" started-at="2022-05-04T16:47:04Z" finished-at="2022-05-04T16:47:04Z">
          <reporter-output>
          </reporter-output>
        </test-method> <!-- CartTextTest -->
        <test-method status="PASS" signature="FollowUsLinksTest()[pri:3, instance:testcases.TC001_MS_LandingPageTest@679b62af]" name="FollowUsLinksTest" duration-ms="27274" started-at="2022-05-04T16:47:04Z" finished-at="2022-05-04T16:47:31Z">
          <reporter-output>
          </reporter-output>
        </test-method> <!-- FollowUsLinksTest -->
      </class> <!-- testcases.TC001_MS_LandingPageTest -->
      <class name="testcases.TC003_MS_MyPersonalInfoPageTest">
        <test-method status="PASS" signature="ChangePasswordTest()[pri:0, instance:testcases.TC003_MS_MyPersonalInfoPageTest@517cd4b]" name="ChangePasswordTest" duration-ms="6256" started-at="2022-05-04T16:46:26Z" finished-at="2022-05-04T16:46:32Z">
          <reporter-output>
          </reporter-output>
        </test-method> <!-- ChangePasswordTest -->
        <test-method status="PASS" signature="ReLoginWithChangedPasswordTest()[pri:0, instance:testcases.TC003_MS_MyPersonalInfoPageTest@517cd4b]" name="ReLoginWithChangedPasswordTest" duration-ms="3016" started-at="2022-05-04T16:46:32Z" depends-on-methods="testcases.TC003_MS_MyPersonalInfoPageTest.ChangePasswordTest" finished-at="2022-05-04T16:46:35Z">
          <reporter-output>
          </reporter-output>
        </test-method> <!-- ReLoginWithChangedPasswordTest -->
      </class> <!-- testcases.TC003_MS_MyPersonalInfoPageTest -->
    </test> <!-- Test -->
  </suite> <!-- Suite -->
</testng-results>
