<?xml version="1.0" encoding="UTF-8"?>
<testsuite xmlns:xsi="http://www.w3.org/2001/XMLSchema-instance" xsi:noNamespaceSchemaLocation="https://maven.apache.org/surefire/maven-surefire-plugin/xsd/surefire-test-report-3.0.xsd" version="3.0" name="TestSuite" time="101.617" tests="8" errors="0" skipped="0" failures="0">
  <properties>
[...]
</properties>
  <testcase name="RegisterTest" classname="testcases.TC002_MS_RegistrationPageTest" time="13.582"/>
  <testcase name="ChangePasswordTest" classname="testcases.TC003_MS_MyPersonalInfoPageTest" time="6.255"/>
  <testcase name="ReLoginWithChangedPasswordTest" classname="testcases.TC003_MS_MyPersonalInfoPageTest" time="3.015"/>
  <testcase name="AddProductsToCartTest" classname="testcases.TC004_MS_OrderPageTest" time="18.612"/>
  <testcase name="ContactUsPageTest" classname="testcases.TC005_MS_ContactUsPageTest" time="6.962"/>
  <testcase name="LandingPageTitleTest" classname="testcases.TC001_MS_LandingPageTest" time="2.383"/>
  <testcase name="CartTextTest" classname="testcases.TC001_MS_LandingPageTest" time="0.229"/>
  <testcase name="FollowUsLinksTest" classname="testcases.TC001_MS_LandingPageTest" time="27.256"/>
</testsuite>