<?xml version="1.0" encoding="UTF-8" ?>
<testsuite tests="5" failures="5" name="TestSuite" time="41.98" errors="0" skipped="0">
  <properties>
[...]
</properties>
  <testcase classname="testcases.TC002_MS_RegistrationPageTest" name="RegisterTest" time="3.179">
    <failure type="java.lang.NullPointerException">java.lang.NullPointerException
	at testcases.TC002_MS_RegistrationPageTest.RegisterTest(TC002_MS_RegistrationPageTest.java:26)
</failure>
    <system-out>Configuring TestNG with: org.apache.maven.surefire.testng.conf.TestNG652Configurator@77afea7d
</system-out>
    <system-err>Starting ChromeDriver 99.0.4844.51 (d537ec02474b5afe23684e7963d538896c63ac77-refs/branch-heads/4844@{#875}) on port 45831
Only local connections are allowed.
Please see https://chromedriver.chromium.org/security-considerations for suggestions on keeping ChromeDriver safe.
ChromeDriver was started successfully.
[1651644007.255][WARNING]: This version of ChromeDriver has not been tested with Chrome version 100.
</system-err>
  </testcase>
  <testcase classname="testcases.TC003_MS_MyPersonalInfoPageTest" name="ChangePasswordTest" time="30.22">
    <failure message="no such element: Unable to locate element: {&quot;method&quot;:&quot;xpath&quot;,&quot;selector&quot;:&quot;//span[text()=&apos;My personal information&apos;]&quot;}
  (Session info: chrome=100.0.4896.127)
  (Driver info: chromedriver=99.0.4844.51 (d537ec02474b5afe23684e7963d538896c63ac77-refs/branch-heads/4844@{#875}),platform=Windows NT 10.0.19043 x86_64) (WARNING: The server did not provide any stacktrace information)
Command duration or timeout: 30.19 seconds
For documentation on this error, please visit: http://seleniumhq.org/exceptions/no_such_element.html
Build info: version: &apos;2.53.1&apos;, revision: &apos;a36b8b1cd5757287168e54b817830adce9b0158d&apos;, time: &apos;2016-06-30 19:26:09&apos;
System info: host: &apos;DESKTOP-PLQ0LQG&apos;, ip: &apos;192.168.2.30&apos;, os.name: &apos;Windows 10&apos;, os.arch: &apos;amd64&apos;, os.version: &apos;10.0&apos;, java.version: &apos;1.8.0_271&apos;
Driver info: org.openqa.selenium.chrome.ChromeDriver
Capabilities [{mobileEmulationEnabled=false, timeouts={implicit=0, pageLoad=300000, script=30000}, hasTouchScreen=false, platform=XP, acceptSslCerts=false, goog:chromeOptions={debuggerAddress=localhost:58778}, webauthn:extension:credBlob=true, acceptInsecureCerts=false, webStorageEnabled=true, browserName=chrome, takesScreenshot=true, javascriptEnabled=true, setWindowRect=true, webauthn:extension:largeBlob=true, unexpectedAlertBehaviour=ignore, rotatable=false, networkConnectionEnabled=false, chrome={chromedriverVersion=99.0.4844.51 (d537ec02474b5afe23684e7963d538896c63ac77-refs/branch-heads/4844@{#875}), userDataDir=C:\Users\SARAVA~1\AppData\Local\Temp\scoped_dir11168_2023038668}, takesHeapSnapshot=true, pageLoadStrategy=normal, strictFileInteractability=false, databaseEnabled=false, handlesAlerts=true, version=100.0.4896.127, browserConnectionEnabled=false, proxy={}, nativeEvents=true, locationContextEnabled=true, cssSelectorsEnabled=true, webauthn:virtualAuthenticators=true}]
Session ID: a1d3fd978b26a24e9bdda47b66e696c3
*** Element info: {Using=xpath, value=//span[text()=&apos;My personal information&apos;]}" type="org.openqa.selenium.NoSuchElementException">org.openqa.selenium.NoSuchElementException: no such element: Unable to locate element: {&quot;method&quot;:&quot;xpath&quot;,&quot;selector&quot;:&quot;//span[text()=&apos;My personal information&apos;]&quot;}
  (Session info: chrome=100.0.4896.127)
  (Driver info: chromedriver=99.0.4844.51 (d537ec02474b5afe23684e7963d538896c63ac77-refs/branch-heads/4844@{#875}),platform=Windows NT 10.0.19043 x86_64) (WARNING: The server did not provide any stacktrace information)
Command duration or timeout: 30.19 seconds
For documentation on this error, please visit: http://seleniumhq.org/exceptions/no_such_element.html
Build info: version: &apos;2.53.1&apos;, revision: &apos;a36b8b1cd5757287168e54b817830adce9b0158d&apos;, time: &apos;2016-06-30 19:26:09&apos;
System info: host: &apos;DESKTOP-PLQ0LQG&apos;, ip: &apos;192.168.2.30&apos;, os.name: &apos;Windows 10&apos;, os.arch: &apos;amd64&apos;, os.version: &apos;10.0&apos;, java.version: &apos;1.8.0_271&apos;
Driver info: org.openqa.selenium.chrome.ChromeDriver
Capabilities [{mobileEmulationEnabled=false, timeouts={implicit=0, pageLoad=300000, script=30000}, hasTouchScreen=false, platform=XP, acceptSslCerts=false, goog:chromeOptions={debuggerAddress=localhost:58778}, webauthn:extension:credBlob=true, acceptInsecureCerts=false, webStorageEnabled=true, browserName=chrome, takesScreenshot=true, javascriptEnabled=true, setWindowRect=true, webauthn:extension:largeBlob=true, unexpectedAlertBehaviour=ignore, rotatable=false, networkConnectionEnabled=false, chrome={chromedriverVersion=99.0.4844.51 (d537ec02474b5afe23684e7963d538896c63ac77-refs/branch-heads/4844@{#875}), userDataDir=C:\Users\SARAVA~1\AppData\Local\Temp\scoped_dir11168_2023038668}, takesHeapSnapshot=true, pageLoadStrategy=normal, strictFileInteractability=false, databaseEnabled=false, handlesAlerts=true, version=100.0.4896.127, browserConnectionEnabled=false, proxy={}, nativeEvents=true, locationContextEnabled=true, cssSelectorsEnabled=true, webauthn:virtualAuthenticators=true}]
Session ID: a1d3fd978b26a24e9bdda47b66e696c3
*** Element info: {Using=xpath, value=//span[text()=&apos;My personal information&apos;]}
	at sun.reflect.NativeConstructorAccessorImpl.newInstance0(Native Method)
	at sun.reflect.NativeConstructorAccessorImpl.newInstance(NativeConstructorAccessorImpl.java:62)
	at sun.reflect.DelegatingConstructorAccessorImpl.newInstance(DelegatingConstructorAccessorImpl.java:45)
	at java.lang.reflect.Constructor.newInstance(Constructor.java:423)
	at org.openqa.selenium.remote.ErrorHandler.createThrowable(ErrorHandler.java:206)
	at org.openqa.selenium.remote.ErrorHandler.throwIfResponseFailed(ErrorHandler.java:158)
	at org.openqa.selenium.remote.RemoteWebDriver.execute(RemoteWebDriver.java:678)
	at org.openqa.selenium.remote.RemoteWebDriver.findElement(RemoteWebDriver.java:363)
	at org.openqa.selenium.remote.RemoteWebDriver.findElementByXPath(RemoteWebDriver.java:500)
	at org.openqa.selenium.By$ByXPath.findElement(By.java:361)
	at org.openqa.selenium.remote.RemoteWebDriver.findElement(RemoteWebDriver.java:355)
	at org.openqa.selenium.support.pagefactory.DefaultElementLocator.findElement(DefaultElementLocator.java:69)
	at org.openqa.selenium.support.pagefactory.internal.LocatingElementHandler.invoke(LocatingElementHandler.java:38)
	at com.sun.proxy.$Proxy5.click(Unknown Source)
	at pageclasses.MyAccountPage.doClickMyPersonalInfo(MyAccountPage.java:31)
	at testcases.TC003_MS_MyPersonalInfoPageTest.ChangePasswordTest(TC003_MS_MyPersonalInfoPageTest.java:24)
</failure>
  </testcase>
  <testcase classname="testcases.TC004_MS_OrderPageTest" name="AddProductsToCartTest" time="5.239">
    <failure type="java.lang.NullPointerException">java.lang.NullPointerException
	at testcases.TC004_MS_OrderPageTest.AddProductsToCartTest(TC004_MS_OrderPageTest.java:24)
</failure>
  </testcase>
  <testcase classname="testcases.TC005_MS_ContactUsPageTest" name="ContactUsPageTest" time="1.428">
    <failure type="java.lang.NullPointerException">java.lang.NullPointerException
	at testcases.TC005_MS_ContactUsPageTest.ContactUsPageTest(TC005_MS_ContactUsPageTest.java:39)
</failure>
  </testcase>
  <testcase classname="testcases.TC006_MS_CreateAnAccountFailedTest" name="CreateAnAccountTest" time="1.914">
    <failure type="java.lang.NullPointerException">java.lang.NullPointerException
	at testcases.TC006_MS_CreateAnAccountFailedTest.CreateAnAccountTest(TC006_MS_CreateAnAccountFailedTest.java:22)
</failure>
  </testcase>
</testsuite>