-------------------------------------------------------------------------------
Test set: TestSuite
-------------------------------------------------------------------------------
Tests run: 9, Failures: 1, Errors: 0, Skipped: 0, Time elapsed: 88.147 s <<< FAILURE! - in TestSuite
roughtestcases.TC006_MS_CreateAnAccountFailedTest.CreateAnAccountTest  Time elapsed: 4.708 s  <<< FAILURE!
java.lang.AssertionError: 
The following asserts failed:
	expected [An account using this email address has already been registered. Please enter a valid password or request a new one] but found [An account using this email address has already been registered. Please enter a valid password or request a new one.]
	at roughtestcases.TC006_MS_CreateAnAccountFailedTest.CreateAnAccountTest(TC006_MS_CreateAnAccountFailedTest.java:38)

